Flow report for BCD
Thu Mar 07 23:35:05 2019
Quartus Prime Version 18.1.0 Build 625 09/12/2018 SJ Lite Edition


---------------------
; Table of Contents ;
---------------------
  1. Legal Notice
  2. Flow Summary
  3. Flow Settings
  4. Flow Non-Default Global Settings
  5. Flow Elapsed Time
  6. Flow OS Summary
  7. Flow Log
  8. Flow Messages
  9. Flow Suppressed Messages



----------------
; Legal Notice ;
----------------
Copyright (C) 2018  Intel Corporation. All rights reserved.
Your use of Intel Corporation's design tools, logic functions 
and other software and tools, and its AMPP partner logic 
functions, and any output files from any of the foregoing 
(including device programming or simulation files), and any 
associated documentation or information are expressly subject 
to the terms and conditions of the Intel Program License 
Subscription Agreement, the Intel Quartus Prime License Agreement,
the Intel FPGA IP License Agreement, or other applicable license
agreement, including, without limitation, that your use is for
the sole purpose of programming logic devices manufactured by
Intel and sold by Intel or its authorized distributors.  Please
refer to the applicable agreement for further details.



+----------------------------------------------------------------------------------+
; Flow Summary                                                                     ;
+------------------------------------+---------------------------------------------+
; Flow Status                        ; Successful - Thu Mar 07 23:35:05 2019       ;
; Quartus Prime Version              ; 18.1.0 Build 625 09/12/2018 SJ Lite Edition ;
; Revision Name                      ; BCD                                         ;
; Top-level Entity Name              ; BCD_AGUNG_07111640000087                    ;
; Family                             ; Cyclone IV E                                ;
; Total logic elements               ; 7 / 6,272 ( < 1 % )                         ;
;     Total combinational functions  ; 8 / 6,272 ( < 1 % )                         ;
;     Dedicated logic registers      ; 0 / 6,272 ( 0 % )                           ;
; Total registers                    ; 0                                           ;
; Total pins                         ; 11 / 92 ( 12 % )                            ;
; Total virtual pins                 ; 0                                           ;
; Total memory bits                  ; 0 / 276,480 ( 0 % )                         ;
; Embedded Multiplier 9-bit elements ; 0 / 30 ( 0 % )                              ;
; Total PLLs                         ; 0 / 2 ( 0 % )                               ;
; Device                             ; EP4CE6E22C6                                 ;
; Timing Models                      ; Final                                       ;
+------------------------------------+---------------------------------------------+


+-----------------------------------------+
; Flow Settings                           ;
+-------------------+---------------------+
; Option            ; Setting             ;
+-------------------+---------------------+
; Start date & time ; 03/07/2019 22:59:46 ;
; Main task         ; Compilation         ;
; Revision Name     ; BCD                 ;
+-------------------+---------------------+


+------------------------------------------------------------------------------------------------------------------------------------------+
; Flow Non-Default Global Settings                                                                                                         ;
+-------------------------------------+----------------------------------------+---------------+--------------------------+----------------+
; Assignment Name                     ; Value                                  ; Default Value ; Entity Name              ; Section Id     ;
+-------------------------------------+----------------------------------------+---------------+--------------------------+----------------+
; COMPILER_SIGNATURE_ID               ; 605497090649.155197438606376           ; --            ; --                       ; --             ;
; EDA_OUTPUT_DATA_FORMAT              ; Vhdl                                   ; --            ; --                       ; eda_simulation ;
; EDA_SIMULATION_TOOL                 ; ModelSim-Altera (VHDL)                 ; <None>        ; --                       ; --             ;
; EDA_TIME_SCALE                      ; 1 ps                                   ; --            ; --                       ; eda_simulation ;
; PARTITION_COLOR                     ; -- (Not supported for targeted family) ; --            ; BCD_AGUNG_07111640000087 ; Top            ;
; PARTITION_FITTER_PRESERVATION_LEVEL ; -- (Not supported for targeted family) ; --            ; BCD_AGUNG_07111640000087 ; Top            ;
; PARTITION_NETLIST_TYPE              ; -- (Not supported for targeted family) ; --            ; BCD_AGUNG_07111640000087 ; Top            ;
; PROJECT_OUTPUT_DIRECTORY            ; output_files                           ; --            ; --                       ; --             ;
; TOP_LEVEL_ENTITY                    ; BCD_AGUNG_07111640000087               ; BCD           ; --                       ; --             ;
+-------------------------------------+----------------------------------------+---------------+--------------------------+----------------+


+-----------------------------------------------------------------------------------------------------------------------------+
; Flow Elapsed Time                                                                                                           ;
+-------------------------+--------------+-------------------------+---------------------+------------------------------------+
; Module Name             ; Elapsed Time ; Average Processors Used ; Peak Virtual Memory ; Total CPU Time (on all processors) ;
+-------------------------+--------------+-------------------------+---------------------+------------------------------------+
; Analysis & Synthesis    ; 00:00:40     ; 1.0                     ; 4815 MB             ; 00:00:45                           ;
; Fitter                  ; 00:00:20     ; 1.0                     ; 5232 MB             ; 00:00:09                           ;
; Assembler               ; 00:00:03     ; 1.0                     ; 4686 MB             ; 00:00:02                           ;
; Timing Analyzer         ; 00:00:07     ; 1.0                     ; 4752 MB             ; 00:00:04                           ;
; EDA Netlist Writer      ; 00:00:03     ; 1.0                     ; 4653 MB             ; 00:00:02                           ;
; EDA Netlist Writer      ; 00:00:02     ; 1.0                     ; 4634 MB             ; 00:00:02                           ;
; EDA Netlist Writer      ; 00:00:02     ; 1.0                     ; 4634 MB             ; 00:00:02                           ;
; EDA Netlist Writer      ; 00:00:03     ; 1.0                     ; 4643 MB             ; 00:00:02                           ;
; EDA Netlist Writer      ; 00:00:02     ; 1.0                     ; 4634 MB             ; 00:00:02                           ;
; EDA Netlist Writer      ; 00:00:02     ; 1.0                     ; 4643 MB             ; 00:00:02                           ;
; EDA Netlist Writer      ; 00:00:03     ; 1.0                     ; 4634 MB             ; 00:00:02                           ;
; EDA Netlist Writer      ; 00:00:02     ; 1.0                     ; 4643 MB             ; 00:00:02                           ;
; I/O Assignment Analysis ; 00:00:10     ; 1.0                     ; 4934 MB             ; 00:00:04                           ;
; I/O Assignment Analysis ; 00:00:06     ; 1.0                     ; 4938 MB             ; 00:00:04                           ;
; I/O Assignment Analysis ; 00:00:05     ; 1.0                     ; 4908 MB             ; 00:00:04                           ;
; Total                   ; 00:01:50     ; --                      ; --                  ; 00:01:28                           ;
+-------------------------+--------------+-------------------------+---------------------+------------------------------------+


+---------------------------------------------------------------------------------------+
; Flow OS Summary                                                                       ;
+-------------------------+------------------+------------+------------+----------------+
; Module Name             ; Machine Hostname ; OS Name    ; OS Version ; Processor type ;
+-------------------------+------------------+------------+------------+----------------+
; Analysis & Synthesis    ; AntKuma          ; Windows 10 ; 10.0       ; x86_64         ;
; Fitter                  ; AntKuma          ; Windows 10 ; 10.0       ; x86_64         ;
; Assembler               ; AntKuma          ; Windows 10 ; 10.0       ; x86_64         ;
; Timing Analyzer         ; AntKuma          ; Windows 10 ; 10.0       ; x86_64         ;
; EDA Netlist Writer      ; AntKuma          ; Windows 10 ; 10.0       ; x86_64         ;
; EDA Netlist Writer      ; AntKuma          ; Windows 10 ; 10.0       ; x86_64         ;
; EDA Netlist Writer      ; AntKuma          ; Windows 10 ; 10.0       ; x86_64         ;
; EDA Netlist Writer      ; AntKuma          ; Windows 10 ; 10.0       ; x86_64         ;
; EDA Netlist Writer      ; AntKuma          ; Windows 10 ; 10.0       ; x86_64         ;
; EDA Netlist Writer      ; AntKuma          ; Windows 10 ; 10.0       ; x86_64         ;
; EDA Netlist Writer      ; AntKuma          ; Windows 10 ; 10.0       ; x86_64         ;
; EDA Netlist Writer      ; AntKuma          ; Windows 10 ; 10.0       ; x86_64         ;
; I/O Assignment Analysis ; AntKuma          ; Windows 10 ; 10.0       ; x86_64         ;
; I/O Assignment Analysis ; AntKuma          ; Windows 10 ; 10.0       ; x86_64         ;
; I/O Assignment Analysis ; AntKuma          ; Windows 10 ; 10.0       ; x86_64         ;
+-------------------------+------------------+------------+------------+----------------+


------------
; Flow Log ;
------------
quartus_map --read_settings_files=on --write_settings_files=off BCD -c BCD
quartus_fit --read_settings_files=off --write_settings_files=off BCD -c BCD
quartus_asm --read_settings_files=off --write_settings_files=off BCD -c BCD
quartus_sta BCD -c BCD
quartus_eda --read_settings_files=off --write_settings_files=off BCD -c BCD
quartus_eda --gen_testbench --tool=modelsim_oem --format=vhdl --write_settings_files=off BCD -c BCD --vector_source=E:/!!KiD!!/QUARTUS/BCD/Waveform.vwf --testbench_file=E:/!!KiD!!/QUARTUS/BCD/simulation/qsim/Waveform.vwf.vht
quartus_eda --gen_testbench --tool=modelsim_oem --format=vhdl --write_settings_files=off BCD -c BCD --vector_source=E:/!!KiD!!/QUARTUS/BCD/BCD_Wave.vwf --testbench_file=E:/!!KiD!!/QUARTUS/BCD/simulation/qsim/BCD_Wave.vwf.vht
quartus_eda --write_settings_files=off --simulation=on --functional=on --flatten_buses=off --tool=modelsim_oem --format=vhdl --output_directory=E:/!!KiD!!/QUARTUS/BCD/simulation/qsim/ BCD -c BCD
quartus_eda --gen_testbench --tool=modelsim_oem --format=vhdl --write_settings_files=off BCD -c BCD --vector_source=E:/!!KiD!!/QUARTUS/BCD/BCD_Wave.vwf --testbench_file=E:/!!KiD!!/QUARTUS/BCD/simulation/qsim/BCD_Wave.vwf.vht
quartus_eda --write_settings_files=off --simulation=on --functional=on --flatten_buses=off --tool=modelsim_oem --format=vhdl --output_directory=E:/!!KiD!!/QUARTUS/BCD/simulation/qsim/ BCD -c BCD
quartus_eda --gen_testbench --tool=modelsim_oem --format=vhdl --write_settings_files=off BCD -c BCD --vector_source=E:/!!KiD!!/QUARTUS/BCD/BCD_Wave.vwf --testbench_file=E:/!!KiD!!/QUARTUS/BCD/simulation/qsim/BCD_Wave.vwf.vht
quartus_eda --write_settings_files=off --simulation=on --functional=on --flatten_buses=off --tool=modelsim_oem --format=vhdl --output_directory=E:/!!KiD!!/QUARTUS/BCD/simulation/qsim/ BCD -c BCD
quartus_fit --read_settings_files=on --write_settings_files=off BCD -c BCD --plan
quartus_fit --read_settings_files=on --write_settings_files=off BCD -c BCD --plan
quartus_fit --read_settings_files=on --write_settings_files=off BCD -c BCD --plan



