Analysis & Synthesis report for AntoniusKusuma
Sat May 30 17:38:12 2020
Quartus Prime Version 19.1.0 Build 670 09/22/2019 SJ Lite Edition


---------------------
; Table of Contents ;
---------------------
  1. Legal Notice
  2. Analysis & Synthesis Summary
  3. Analysis & Synthesis Settings
  4. Parallel Compilation
  5. Analysis & Synthesis Source Files Read
  6. Analysis & Synthesis Resource Usage Summary
  7. Analysis & Synthesis Resource Utilization by Entity
  8. State Machine - |sap1_top|ControlMatrix:CTRL_MATRIX|current_state
  9. User-Specified and Inferred Latches
 10. General Register Statistics
 11. Multiplexer Restructuring Statistics (Restructuring Performed)
 12. Parameter Settings for User Entity Instance: BinaryCounter:PC
 13. Parameter Settings for User Entity Instance: GenericRegister:MAR
 14. Parameter Settings for User Entity Instance: GenericRegister:IH_reg
 15. Parameter Settings for User Entity Instance: GenericRegister:IL_reg
 16. Parameter Settings for User Entity Instance: GenericRegister:A_REG
 17. Parameter Settings for User Entity Instance: ArithmeticLogicUnit:ALU
 18. Parameter Settings for User Entity Instance: GenericRegister:B_REG
 19. Parameter Settings for User Entity Instance: GenericRegister:O_REG
 20. Port Connectivity Checks: "GenericRegister:O_REG"
 21. Port Connectivity Checks: "GenericRegister:B_REG"
 22. Port Connectivity Checks: "GenericRegister:A_REG"
 23. Port Connectivity Checks: "GenericRegister:IL_reg"
 24. Port Connectivity Checks: "GenericRegister:MAR"
 25. Post-Synthesis Netlist Statistics for Top Partition
 26. Elapsed Time Per Partition
 27. Analysis & Synthesis Messages



----------------
; Legal Notice ;
----------------
Copyright (C) 2019  Intel Corporation. All rights reserved.
Your use of Intel Corporation's design tools, logic functions 
and other software and tools, and any partner logic 
functions, and any output files from any of the foregoing 
(including device programming or simulation files), and any 
associated documentation or information are expressly subject 
to the terms and conditions of the Intel Program License 
Subscription Agreement, the Intel Quartus Prime License Agreement,
the Intel FPGA IP License Agreement, or other applicable license
agreement, including, without limitation, that your use is for
the sole purpose of programming logic devices manufactured by
Intel and sold by Intel or its authorized distributors.  Please
refer to the applicable agreement for further details, at
https://fpgasoftware.intel.com/eula.



+-------------------------------------------------------------------------------+
; Analysis & Synthesis Summary                                                  ;
+---------------------------------+---------------------------------------------+
; Analysis & Synthesis Status     ; Successful - Sat May 30 17:38:12 2020       ;
; Quartus Prime Version           ; 19.1.0 Build 670 09/22/2019 SJ Lite Edition ;
; Revision Name                   ; AntoniusKusuma                              ;
; Top-level Entity Name           ; sap1_top                                    ;
; Family                          ; Cyclone V                                   ;
; Logic utilization (in ALMs)     ; N/A                                         ;
; Total registers                 ; 46                                          ;
; Total pins                      ; 31                                          ;
; Total virtual pins              ; 0                                           ;
; Total block memory bits         ; 0                                           ;
; Total DSP Blocks                ; 0                                           ;
; Total HSSI RX PCSs              ; 0                                           ;
; Total HSSI PMA RX Deserializers ; 0                                           ;
; Total HSSI TX PCSs              ; 0                                           ;
; Total HSSI PMA TX Serializers   ; 0                                           ;
; Total PLLs                      ; 0                                           ;
; Total DLLs                      ; 0                                           ;
+---------------------------------+---------------------------------------------+


+---------------------------------------------------------------------------------------------------------------------------+
; Analysis & Synthesis Settings                                                                                             ;
+---------------------------------------------------------------------------------+--------------------+--------------------+
; Option                                                                          ; Setting            ; Default Value      ;
+---------------------------------------------------------------------------------+--------------------+--------------------+
; Device                                                                          ; 5CSEBA6U23I7       ;                    ;
; Top-level entity name                                                           ; sap1_top           ; AntoniusKusuma     ;
; Family name                                                                     ; Cyclone V          ; Cyclone V          ;
; Use smart compilation                                                           ; Off                ; Off                ;
; Enable parallel Assembler and Timing Analyzer during compilation                ; On                 ; On                 ;
; Enable compact report table                                                     ; Off                ; Off                ;
; Restructure Multiplexers                                                        ; Auto               ; Auto               ;
; MLAB Add Timing Constraints For Mixed-Port Feed-Through Mode Setting Don't Care ; Off                ; Off                ;
; Create Debugging Nodes for IP Cores                                             ; Off                ; Off                ;
; Preserve fewer node names                                                       ; On                 ; On                 ;
; Intel FPGA IP Evaluation Mode                                                   ; Enable             ; Enable             ;
; Verilog Version                                                                 ; Verilog_2001       ; Verilog_2001       ;
; VHDL Version                                                                    ; VHDL_1993          ; VHDL_1993          ;
; State Machine Processing                                                        ; Auto               ; Auto               ;
; Safe State Machine                                                              ; Off                ; Off                ;
; Extract Verilog State Machines                                                  ; On                 ; On                 ;
; Extract VHDL State Machines                                                     ; On                 ; On                 ;
; Ignore Verilog initial constructs                                               ; Off                ; Off                ;
; Iteration limit for constant Verilog loops                                      ; 5000               ; 5000               ;
; Iteration limit for non-constant Verilog loops                                  ; 250                ; 250                ;
; Add Pass-Through Logic to Inferred RAMs                                         ; On                 ; On                 ;
; Infer RAMs from Raw Logic                                                       ; On                 ; On                 ;
; Parallel Synthesis                                                              ; On                 ; On                 ;
; DSP Block Balancing                                                             ; Auto               ; Auto               ;
; NOT Gate Push-Back                                                              ; On                 ; On                 ;
; Power-Up Don't Care                                                             ; On                 ; On                 ;
; Remove Redundant Logic Cells                                                    ; Off                ; Off                ;
; Remove Duplicate Registers                                                      ; On                 ; On                 ;
; Ignore CARRY Buffers                                                            ; Off                ; Off                ;
; Ignore CASCADE Buffers                                                          ; Off                ; Off                ;
; Ignore GLOBAL Buffers                                                           ; Off                ; Off                ;
; Ignore ROW GLOBAL Buffers                                                       ; Off                ; Off                ;
; Ignore LCELL Buffers                                                            ; Off                ; Off                ;
; Ignore SOFT Buffers                                                             ; On                 ; On                 ;
; Limit AHDL Integers to 32 Bits                                                  ; Off                ; Off                ;
; Optimization Technique                                                          ; Balanced           ; Balanced           ;
; Carry Chain Length                                                              ; 70                 ; 70                 ;
; Auto Carry Chains                                                               ; On                 ; On                 ;
; Auto Open-Drain Pins                                                            ; On                 ; On                 ;
; Perform WYSIWYG Primitive Resynthesis                                           ; Off                ; Off                ;
; Auto ROM Replacement                                                            ; On                 ; On                 ;
; Auto RAM Replacement                                                            ; On                 ; On                 ;
; Auto DSP Block Replacement                                                      ; On                 ; On                 ;
; Auto Shift Register Replacement                                                 ; Auto               ; Auto               ;
; Allow Shift Register Merging across Hierarchies                                 ; Auto               ; Auto               ;
; Auto Clock Enable Replacement                                                   ; On                 ; On                 ;
; Strict RAM Replacement                                                          ; Off                ; Off                ;
; Allow Synchronous Control Signals                                               ; On                 ; On                 ;
; Force Use of Synchronous Clear Signals                                          ; Off                ; Off                ;
; Auto Resource Sharing                                                           ; Off                ; Off                ;
; Allow Any RAM Size For Recognition                                              ; Off                ; Off                ;
; Allow Any ROM Size For Recognition                                              ; Off                ; Off                ;
; Allow Any Shift Register Size For Recognition                                   ; Off                ; Off                ;
; Use LogicLock Constraints during Resource Balancing                             ; On                 ; On                 ;
; Ignore translate_off and synthesis_off directives                               ; Off                ; Off                ;
; Timing-Driven Synthesis                                                         ; On                 ; On                 ;
; Report Parameter Settings                                                       ; On                 ; On                 ;
; Report Source Assignments                                                       ; On                 ; On                 ;
; Report Connectivity Checks                                                      ; On                 ; On                 ;
; Ignore Maximum Fan-Out Assignments                                              ; Off                ; Off                ;
; Synchronization Register Chain Length                                           ; 3                  ; 3                  ;
; Power Optimization During Synthesis                                             ; Normal compilation ; Normal compilation ;
; HDL message level                                                               ; Level2             ; Level2             ;
; Suppress Register Optimization Related Messages                                 ; Off                ; Off                ;
; Number of Removed Registers Reported in Synthesis Report                        ; 5000               ; 5000               ;
; Number of Swept Nodes Reported in Synthesis Report                              ; 5000               ; 5000               ;
; Number of Inverted Registers Reported in Synthesis Report                       ; 100                ; 100                ;
; Clock MUX Protection                                                            ; On                 ; On                 ;
; Auto Gated Clock Conversion                                                     ; Off                ; Off                ;
; Block Design Naming                                                             ; Auto               ; Auto               ;
; SDC constraint protection                                                       ; Off                ; Off                ;
; Synthesis Effort                                                                ; Auto               ; Auto               ;
; Shift Register Replacement - Allow Asynchronous Clear Signal                    ; On                 ; On                 ;
; Pre-Mapping Resynthesis Optimization                                            ; Off                ; Off                ;
; Analysis & Synthesis Message Level                                              ; Medium             ; Medium             ;
; Disable Register Merging Across Hierarchies                                     ; Auto               ; Auto               ;
; Resource Aware Inference For Block RAM                                          ; On                 ; On                 ;
; Automatic Parallel Synthesis                                                    ; On                 ; On                 ;
; Partial Reconfiguration Bitstream ID                                            ; Off                ; Off                ;
+---------------------------------------------------------------------------------+--------------------+--------------------+


+------------------------------------------+
; Parallel Compilation                     ;
+----------------------------+-------------+
; Processors                 ; Number      ;
+----------------------------+-------------+
; Number detected on machine ; 2           ;
; Maximum allowed            ; 2           ;
;                            ;             ;
; Average used               ; 1.00        ;
; Maximum used               ; 2           ;
;                            ;             ;
; Usage by Processor         ; % Time Used ;
;     Processor 1            ; 100.0%      ;
;     Processor 2            ;   0.0%      ;
+----------------------------+-------------+


+-----------------------------------------------------------------------------------------------------------------------------------------------------------------------------------+
; Analysis & Synthesis Source Files Read                                                                                                                                            ;
+----------------------------------+-----------------+-----------------+--------------------------------------------------------------------------------------------------+---------+
; File Name with User-Entered Path ; Used in Netlist ; File Type       ; File Name with Absolute Path                                                                     ; Library ;
+----------------------------------+-----------------+-----------------+--------------------------------------------------------------------------------------------------+---------+
; src/sap1_top.vhd                 ; yes             ; User VHDL File  ; D:/!!Data!!/Project/Electronics/QUARTUS/Praktikum PKT/2. SAP Cheat/src/sap1_top.vhd              ;         ;
; src/ram_16_8.vhd                 ; yes             ; User VHDL File  ; D:/!!Data!!/Project/Electronics/QUARTUS/Praktikum PKT/2. SAP Cheat/src/ram_16_8.vhd              ;         ;
; src/instruction_decoder.vhd      ; yes             ; User VHDL File  ; D:/!!Data!!/Project/Electronics/QUARTUS/Praktikum PKT/2. SAP Cheat/src/instruction_decoder.vhd   ;         ;
; src/generic_register.vhd         ; yes             ; User VHDL File  ; D:/!!Data!!/Project/Electronics/QUARTUS/Praktikum PKT/2. SAP Cheat/src/generic_register.vhd      ;         ;
; src/control_matrix.vhd           ; yes             ; User VHDL File  ; D:/!!Data!!/Project/Electronics/QUARTUS/Praktikum PKT/2. SAP Cheat/src/control_matrix.vhd        ;         ;
; src/binary_counter.vhd           ; yes             ; User VHDL File  ; D:/!!Data!!/Project/Electronics/QUARTUS/Praktikum PKT/2. SAP Cheat/src/binary_counter.vhd        ;         ;
; src/arithmetic_logic_unit.vhd    ; yes             ; User VHDL File  ; D:/!!Data!!/Project/Electronics/QUARTUS/Praktikum PKT/2. SAP Cheat/src/arithmetic_logic_unit.vhd ;         ;
+----------------------------------+-----------------+-----------------+--------------------------------------------------------------------------------------------------+---------+


+------------------------------------------------------------+
; Analysis & Synthesis Resource Usage Summary                ;
+---------------------------------------------+--------------+
; Resource                                    ; Usage        ;
+---------------------------------------------+--------------+
; Estimate of Logic utilization (ALMs needed) ; 34           ;
;                                             ;              ;
; Combinational ALUT usage for logic          ; 52           ;
;     -- 7 input functions                    ; 0            ;
;     -- 6 input functions                    ; 6            ;
;     -- 5 input functions                    ; 5            ;
;     -- 4 input functions                    ; 21           ;
;     -- <=3 input functions                  ; 20           ;
;                                             ;              ;
; Dedicated logic registers                   ; 46           ;
;                                             ;              ;
; I/O pins                                    ; 31           ;
;                                             ;              ;
; Total DSP Blocks                            ; 0            ;
;                                             ;              ;
; Maximum fan-out node                        ; in_clk~input ;
; Maximum fan-out                             ; 46           ;
; Total fan-out                               ; 393          ;
; Average fan-out                             ; 2.46         ;
+---------------------------------------------+--------------+


+------------------------------------------------------------------------------------------------------------------------------------------------------------------------------------------------------------------------+
; Analysis & Synthesis Resource Utilization by Entity                                                                                                                                                                    ;
+----------------------------------+---------------------+---------------------------+-------------------+------------+------+--------------+---------------------------------------+---------------------+--------------+
; Compilation Hierarchy Node       ; Combinational ALUTs ; Dedicated Logic Registers ; Block Memory Bits ; DSP Blocks ; Pins ; Virtual Pins ; Full Hierarchy Name                   ; Entity Name         ; Library Name ;
+----------------------------------+---------------------+---------------------------+-------------------+------------+------+--------------+---------------------------------------+---------------------+--------------+
; |sap1_top                        ; 52 (14)             ; 46 (0)                    ; 0                 ; 0          ; 31   ; 0            ; |sap1_top                             ; sap1_top            ; work         ;
;    |ArithmeticLogicUnit:ALU|     ; 9 (9)               ; 0 (0)                     ; 0                 ; 0          ; 0    ; 0            ; |sap1_top|ArithmeticLogicUnit:ALU     ; ArithmeticLogicUnit ; work         ;
;    |BinaryCounter:PC|            ; 4 (4)               ; 4 (4)                     ; 0                 ; 0          ; 0    ; 0            ; |sap1_top|BinaryCounter:PC            ; BinaryCounter       ; work         ;
;    |ControlMatrix:CTRL_MATRIX|   ; 9 (9)               ; 6 (6)                     ; 0                 ; 0          ; 0    ; 0            ; |sap1_top|ControlMatrix:CTRL_MATRIX   ; ControlMatrix       ; work         ;
;    |GenericRegister:A_REG|       ; 0 (0)               ; 8 (8)                     ; 0                 ; 0          ; 0    ; 0            ; |sap1_top|GenericRegister:A_REG       ; GenericRegister     ; work         ;
;    |GenericRegister:B_REG|       ; 0 (0)               ; 8 (8)                     ; 0                 ; 0          ; 0    ; 0            ; |sap1_top|GenericRegister:B_REG       ; GenericRegister     ; work         ;
;    |GenericRegister:IH_reg|      ; 0 (0)               ; 4 (4)                     ; 0                 ; 0          ; 0    ; 0            ; |sap1_top|GenericRegister:IH_reg      ; GenericRegister     ; work         ;
;    |GenericRegister:IL_reg|      ; 0 (0)               ; 4 (4)                     ; 0                 ; 0          ; 0    ; 0            ; |sap1_top|GenericRegister:IL_reg      ; GenericRegister     ; work         ;
;    |GenericRegister:MAR|         ; 0 (0)               ; 4 (4)                     ; 0                 ; 0          ; 0    ; 0            ; |sap1_top|GenericRegister:MAR         ; GenericRegister     ; work         ;
;    |GenericRegister:O_REG|       ; 0 (0)               ; 8 (8)                     ; 0                 ; 0          ; 0    ; 0            ; |sap1_top|GenericRegister:O_REG       ; GenericRegister     ; work         ;
;    |InstructionDecoder:INST_DEC| ; 2 (2)               ; 0 (0)                     ; 0                 ; 0          ; 0    ; 0            ; |sap1_top|InstructionDecoder:INST_DEC ; InstructionDecoder  ; work         ;
;    |RAM:Memory|                  ; 14 (14)             ; 0 (0)                     ; 0                 ; 0          ; 0    ; 0            ; |sap1_top|RAM:Memory                  ; RAM                 ; work         ;
+----------------------------------+---------------------+---------------------------+-------------------+------------+------+--------------+---------------------------------------+---------------------+--------------+
Note: For table entries with two numbers listed, the numbers in parentheses indicate the number of resources of the given type used by the specific entity alone. The numbers listed outside of parentheses indicate the total resources of the given type used by the specific entity and all of its sub-entities in the hierarchy.


Encoding Type:  One-Hot
+------------------------------------------------------------------------------------------------------------------------------------+
; State Machine - |sap1_top|ControlMatrix:CTRL_MATRIX|current_state                                                                  ;
+------------------+------------------+------------------+------------------+------------------+------------------+------------------+
; Name             ; current_state.S6 ; current_state.S5 ; current_state.S4 ; current_state.S3 ; current_state.S2 ; current_state.S1 ;
+------------------+------------------+------------------+------------------+------------------+------------------+------------------+
; current_state.S1 ; 0                ; 0                ; 0                ; 0                ; 0                ; 0                ;
; current_state.S2 ; 0                ; 0                ; 0                ; 0                ; 1                ; 1                ;
; current_state.S3 ; 0                ; 0                ; 0                ; 1                ; 0                ; 1                ;
; current_state.S4 ; 0                ; 0                ; 1                ; 0                ; 0                ; 1                ;
; current_state.S5 ; 0                ; 1                ; 0                ; 0                ; 0                ; 1                ;
; current_state.S6 ; 1                ; 0                ; 0                ; 0                ; 0                ; 1                ;
+------------------+------------------+------------------+------------------+------------------+------------------+------------------+


+---------------------------------------------------------------------------------------------------+
; User-Specified and Inferred Latches                                                               ;
+----------------------------------------------------+---------------------+------------------------+
; Latch Name                                         ; Latch Enable Signal ; Free of Timing Hazards ;
+----------------------------------------------------+---------------------+------------------------+
; RAM:Memory|tmp_data[0]                             ; in_store            ; yes                    ;
; RAM:Memory|tmp_data[1]                             ; in_store            ; yes                    ;
; RAM:Memory|tmp_data[2]                             ; in_store            ; yes                    ;
; RAM:Memory|tmp_data[3]                             ; in_store            ; yes                    ;
; RAM:Memory|tmp_data[7]                             ; in_store            ; yes                    ;
; RAM:Memory|tmp_data[6]                             ; in_store            ; yes                    ;
; RAM:Memory|tmp_data[5]                             ; in_store            ; yes                    ;
; RAM:Memory|tmp_data[4]                             ; in_store            ; yes                    ;
; Number of user-specified and inferred latches = 8  ;                     ;                        ;
+----------------------------------------------------+---------------------+------------------------+
Note: All latches listed above may not be present at the end of synthesis due to various synthesis optimizations.


+------------------------------------------------------+
; General Register Statistics                          ;
+----------------------------------------------+-------+
; Statistic                                    ; Value ;
+----------------------------------------------+-------+
; Total registers                              ; 46    ;
; Number of registers using Synchronous Clear  ; 0     ;
; Number of registers using Synchronous Load   ; 0     ;
; Number of registers using Asynchronous Clear ; 14    ;
; Number of registers using Asynchronous Load  ; 0     ;
; Number of registers using Clock Enable       ; 36    ;
; Number of registers using Preset             ; 0     ;
+----------------------------------------------+-------+


+------------------------------------------------------------------------------------------------------------------------------------------+
; Multiplexer Restructuring Statistics (Restructuring Performed)                                                                           ;
+--------------------+-----------+---------------+----------------------+------------------------+------------+----------------------------+
; Multiplexer Inputs ; Bus Width ; Baseline Area ; Area if Restructured ; Saving if Restructured ; Registered ; Example Multiplexer Output ;
+--------------------+-----------+---------------+----------------------+------------------------+------------+----------------------------+
; 4:1                ; 4 bits    ; 8 LEs         ; 8 LEs                ; 0 LEs                  ; No         ; |sap1_top|w_bus[0]         ;
+--------------------+-----------+---------------+----------------------+------------------------+------------+----------------------------+


+---------------------------------------------------------------+
; Parameter Settings for User Entity Instance: BinaryCounter:PC ;
+----------------+-------+--------------------------------------+
; Parameter Name ; Value ; Type                                 ;
+----------------+-------+--------------------------------------+
; n              ; 4     ; Signed Integer                       ;
+----------------+-------+--------------------------------------+
Note: In order to hide this table in the UI and the text report file, please set the "Show Parameter Settings in Synthesis Report" option in "Analysis and Synthesis Settings -> More Settings" to "Off".


+------------------------------------------------------------------+
; Parameter Settings for User Entity Instance: GenericRegister:MAR ;
+----------------+-------+-----------------------------------------+
; Parameter Name ; Value ; Type                                    ;
+----------------+-------+-----------------------------------------+
; n              ; 4     ; Signed Integer                          ;
+----------------+-------+-----------------------------------------+
Note: In order to hide this table in the UI and the text report file, please set the "Show Parameter Settings in Synthesis Report" option in "Analysis and Synthesis Settings -> More Settings" to "Off".


+---------------------------------------------------------------------+
; Parameter Settings for User Entity Instance: GenericRegister:IH_reg ;
+----------------+-------+--------------------------------------------+
; Parameter Name ; Value ; Type                                       ;
+----------------+-------+--------------------------------------------+
; n              ; 4     ; Signed Integer                             ;
+----------------+-------+--------------------------------------------+
Note: In order to hide this table in the UI and the text report file, please set the "Show Parameter Settings in Synthesis Report" option in "Analysis and Synthesis Settings -> More Settings" to "Off".


+---------------------------------------------------------------------+
; Parameter Settings for User Entity Instance: GenericRegister:IL_reg ;
+----------------+-------+--------------------------------------------+
; Parameter Name ; Value ; Type                                       ;
+----------------+-------+--------------------------------------------+
; n              ; 4     ; Signed Integer                             ;
+----------------+-------+--------------------------------------------+
Note: In order to hide this table in the UI and the text report file, please set the "Show Parameter Settings in Synthesis Report" option in "Analysis and Synthesis Settings -> More Settings" to "Off".


+--------------------------------------------------------------------+
; Parameter Settings for User Entity Instance: GenericRegister:A_REG ;
+----------------+-------+-------------------------------------------+
; Parameter Name ; Value ; Type                                      ;
+----------------+-------+-------------------------------------------+
; n              ; 8     ; Signed Integer                            ;
+----------------+-------+-------------------------------------------+
Note: In order to hide this table in the UI and the text report file, please set the "Show Parameter Settings in Synthesis Report" option in "Analysis and Synthesis Settings -> More Settings" to "Off".


+----------------------------------------------------------------------+
; Parameter Settings for User Entity Instance: ArithmeticLogicUnit:ALU ;
+----------------+-------+---------------------------------------------+
; Parameter Name ; Value ; Type                                        ;
+----------------+-------+---------------------------------------------+
; n              ; 8     ; Signed Integer                              ;
+----------------+-------+---------------------------------------------+
Note: In order to hide this table in the UI and the text report file, please set the "Show Parameter Settings in Synthesis Report" option in "Analysis and Synthesis Settings -> More Settings" to "Off".


+--------------------------------------------------------------------+
; Parameter Settings for User Entity Instance: GenericRegister:B_REG ;
+----------------+-------+-------------------------------------------+
; Parameter Name ; Value ; Type                                      ;
+----------------+-------+-------------------------------------------+
; n              ; 8     ; Signed Integer                            ;
+----------------+-------+-------------------------------------------+
Note: In order to hide this table in the UI and the text report file, please set the "Show Parameter Settings in Synthesis Report" option in "Analysis and Synthesis Settings -> More Settings" to "Off".


+--------------------------------------------------------------------+
; Parameter Settings for User Entity Instance: GenericRegister:O_REG ;
+----------------+-------+-------------------------------------------+
; Parameter Name ; Value ; Type                                      ;
+----------------+-------+-------------------------------------------+
; n              ; 8     ; Signed Integer                            ;
+----------------+-------+-------------------------------------------+
Note: In order to hide this table in the UI and the text report file, please set the "Show Parameter Settings in Synthesis Report" option in "Analysis and Synthesis Settings -> More Settings" to "Off".


+---------------------------------------------------+
; Port Connectivity Checks: "GenericRegister:O_REG" ;
+-----------+-------+----------+--------------------+
; Port      ; Type  ; Severity ; Details            ;
+-----------+-------+----------+--------------------+
; in_clr    ; Input ; Info     ; Stuck at GND       ;
; in_output ; Input ; Info     ; Stuck at VCC       ;
+-----------+-------+----------+--------------------+


+---------------------------------------------------+
; Port Connectivity Checks: "GenericRegister:B_REG" ;
+-----------+-------+----------+--------------------+
; Port      ; Type  ; Severity ; Details            ;
+-----------+-------+----------+--------------------+
; in_clr    ; Input ; Info     ; Stuck at GND       ;
; in_output ; Input ; Info     ; Stuck at VCC       ;
+-----------+-------+----------+--------------------+


+---------------------------------------------------+
; Port Connectivity Checks: "GenericRegister:A_REG" ;
+--------+-------+----------+-----------------------+
; Port   ; Type  ; Severity ; Details               ;
+--------+-------+----------+-----------------------+
; in_clr ; Input ; Info     ; Stuck at GND          ;
+--------+-------+----------+-----------------------+


+----------------------------------------------------+
; Port Connectivity Checks: "GenericRegister:IL_reg" ;
+--------+-------+----------+------------------------+
; Port   ; Type  ; Severity ; Details                ;
+--------+-------+----------+------------------------+
; in_clr ; Input ; Info     ; Stuck at GND           ;
+--------+-------+----------+------------------------+


+-------------------------------------------------+
; Port Connectivity Checks: "GenericRegister:MAR" ;
+-----------+-------+----------+------------------+
; Port      ; Type  ; Severity ; Details          ;
+-----------+-------+----------+------------------+
; in_clr    ; Input ; Info     ; Stuck at GND     ;
; in_output ; Input ; Info     ; Stuck at VCC     ;
+-----------+-------+----------+------------------+


+-----------------------------------------------------+
; Post-Synthesis Netlist Statistics for Top Partition ;
+-----------------------+-----------------------------+
; Type                  ; Count                       ;
+-----------------------+-----------------------------+
; arriav_ff             ; 46                          ;
;     CLR               ; 10                          ;
;     ENA               ; 32                          ;
;     ENA CLR           ; 4                           ;
; arriav_lcell_comb     ; 52                          ;
;     arith             ; 9                           ;
;         2 data inputs ; 1                           ;
;         4 data inputs ; 8                           ;
;     normal            ; 43                          ;
;         1 data inputs ; 2                           ;
;         2 data inputs ; 1                           ;
;         3 data inputs ; 16                          ;
;         4 data inputs ; 13                          ;
;         5 data inputs ; 5                           ;
;         6 data inputs ; 6                           ;
; boundary_port         ; 31                          ;
;                       ;                             ;
; Max LUT depth         ; 3.80                        ;
; Average LUT depth     ; 2.31                        ;
+-----------------------+-----------------------------+


+-------------------------------+
; Elapsed Time Per Partition    ;
+----------------+--------------+
; Partition Name ; Elapsed Time ;
+----------------+--------------+
; Top            ; 00:00:02     ;
+----------------+--------------+


+-------------------------------+
; Analysis & Synthesis Messages ;
+-------------------------------+
Info: *******************************************************************
Info: Running Quartus Prime Analysis & Synthesis
    Info: Version 19.1.0 Build 670 09/22/2019 SJ Lite Edition
    Info: Processing started: Sat May 30 17:37:24 2020
Info: Command: quartus_map --read_settings_files=on --write_settings_files=off AntoniusKusuma -c AntoniusKusuma
Warning (18236): Number of processors has not been specified which may cause overloading on shared machines.  Set the global assignment NUM_PARALLEL_PROCESSORS in your QSF to an appropriate value for best performance.
Info (20030): Parallel compilation is enabled and will use 2 of the 2 processors detected
Info (12021): Found 2 design units, including 1 entities, in source file src/sevenseg_decoder.vhd
    Info (12022): Found design unit 1: SevenSegDecoder-Behavioral File: D:/!!Data!!/Project/Electronics/QUARTUS/Praktikum PKT/2. SAP Cheat/src/sevenseg_decoder.vhd Line: 14
    Info (12023): Found entity 1: SevenSegDecoder File: D:/!!Data!!/Project/Electronics/QUARTUS/Praktikum PKT/2. SAP Cheat/src/sevenseg_decoder.vhd Line: 6
Info (12021): Found 2 design units, including 1 entities, in source file src/sap1_top.vhd
    Info (12022): Found design unit 1: sap1_top-Structural File: D:/!!Data!!/Project/Electronics/QUARTUS/Praktikum PKT/2. SAP Cheat/src/sap1_top.vhd Line: 25
    Info (12023): Found entity 1: sap1_top File: D:/!!Data!!/Project/Electronics/QUARTUS/Praktikum PKT/2. SAP Cheat/src/sap1_top.vhd Line: 6
Info (12021): Found 2 design units, including 1 entities, in source file src/sap1.vhd
    Info (12022): Found design unit 1: sap1-Structural File: D:/!!Data!!/Project/Electronics/QUARTUS/Praktikum PKT/2. SAP Cheat/src/sap1.vhd Line: 22
    Info (12023): Found entity 1: sap1 File: D:/!!Data!!/Project/Electronics/QUARTUS/Praktikum PKT/2. SAP Cheat/src/sap1.vhd Line: 6
Info (12021): Found 2 design units, including 1 entities, in source file src/ram_16_8.vhd
    Info (12022): Found design unit 1: RAM-Behavioral File: D:/!!Data!!/Project/Electronics/QUARTUS/Praktikum PKT/2. SAP Cheat/src/ram_16_8.vhd Line: 20
    Info (12023): Found entity 1: RAM File: D:/!!Data!!/Project/Electronics/QUARTUS/Praktikum PKT/2. SAP Cheat/src/ram_16_8.vhd Line: 8
Info (12021): Found 2 design units, including 1 entities, in source file src/instruction_decoder.vhd
    Info (12022): Found design unit 1: InstructionDecoder-Behavioral File: D:/!!Data!!/Project/Electronics/QUARTUS/Praktikum PKT/2. SAP Cheat/src/instruction_decoder.vhd Line: 18
    Info (12023): Found entity 1: InstructionDecoder File: D:/!!Data!!/Project/Electronics/QUARTUS/Praktikum PKT/2. SAP Cheat/src/instruction_decoder.vhd Line: 6
Info (12021): Found 2 design units, including 1 entities, in source file src/generic_register.vhd
    Info (12022): Found design unit 1: GenericRegister-Behavioral File: D:/!!Data!!/Project/Electronics/QUARTUS/Praktikum PKT/2. SAP Cheat/src/generic_register.vhd Line: 20
    Info (12023): Found entity 1: GenericRegister File: D:/!!Data!!/Project/Electronics/QUARTUS/Praktikum PKT/2. SAP Cheat/src/generic_register.vhd Line: 7
Info (12021): Found 2 design units, including 1 entities, in source file src/control_matrix.vhd
    Info (12022): Found design unit 1: ControlMatrix-Behavioral File: D:/!!Data!!/Project/Electronics/QUARTUS/Praktikum PKT/2. SAP Cheat/src/control_matrix.vhd Line: 26
    Info (12023): Found entity 1: ControlMatrix File: D:/!!Data!!/Project/Electronics/QUARTUS/Praktikum PKT/2. SAP Cheat/src/control_matrix.vhd Line: 13
Info (12021): Found 2 design units, including 1 entities, in source file src/clock_divider.vhd
    Info (12022): Found design unit 1: ClockDivider-Behavioral File: D:/!!Data!!/Project/Electronics/QUARTUS/Praktikum PKT/2. SAP Cheat/src/clock_divider.vhd Line: 17
    Info (12023): Found entity 1: ClockDivider File: D:/!!Data!!/Project/Electronics/QUARTUS/Praktikum PKT/2. SAP Cheat/src/clock_divider.vhd Line: 8
Info (12021): Found 2 design units, including 1 entities, in source file src/binary_counter.vhd
    Info (12022): Found design unit 1: BinaryCounter-Behavioral File: D:/!!Data!!/Project/Electronics/QUARTUS/Praktikum PKT/2. SAP Cheat/src/binary_counter.vhd Line: 19
    Info (12023): Found entity 1: BinaryCounter File: D:/!!Data!!/Project/Electronics/QUARTUS/Praktikum PKT/2. SAP Cheat/src/binary_counter.vhd Line: 7
Info (12021): Found 2 design units, including 1 entities, in source file src/arithmetic_logic_unit.vhd
    Info (12022): Found design unit 1: ArithmeticLogicUnit-Behavioral File: D:/!!Data!!/Project/Electronics/QUARTUS/Praktikum PKT/2. SAP Cheat/src/arithmetic_logic_unit.vhd Line: 20
    Info (12023): Found entity 1: ArithmeticLogicUnit File: D:/!!Data!!/Project/Electronics/QUARTUS/Praktikum PKT/2. SAP Cheat/src/arithmetic_logic_unit.vhd Line: 8
Info (12127): Elaborating entity "sap1_top" for the top level hierarchy
Info (12128): Elaborating entity "BinaryCounter" for hierarchy "BinaryCounter:PC" File: D:/!!Data!!/Project/Electronics/QUARTUS/Praktikum PKT/2. SAP Cheat/src/sap1_top.vhd Line: 151
Info (12128): Elaborating entity "GenericRegister" for hierarchy "GenericRegister:MAR" File: D:/!!Data!!/Project/Electronics/QUARTUS/Praktikum PKT/2. SAP Cheat/src/sap1_top.vhd Line: 161
Info (12128): Elaborating entity "RAM" for hierarchy "RAM:Memory" File: D:/!!Data!!/Project/Electronics/QUARTUS/Praktikum PKT/2. SAP Cheat/src/sap1_top.vhd Line: 173
Warning (10631): VHDL Process Statement warning at ram_16_8.vhd(43): inferring latch(es) for signal or variable "tmp_data", which holds its previous value in one or more paths through the process File: D:/!!Data!!/Project/Electronics/QUARTUS/Praktikum PKT/2. SAP Cheat/src/ram_16_8.vhd Line: 43
Info (10041): Inferred latch for "tmp_data[0]" at ram_16_8.vhd(43) File: D:/!!Data!!/Project/Electronics/QUARTUS/Praktikum PKT/2. SAP Cheat/src/ram_16_8.vhd Line: 43
Info (10041): Inferred latch for "tmp_data[1]" at ram_16_8.vhd(43) File: D:/!!Data!!/Project/Electronics/QUARTUS/Praktikum PKT/2. SAP Cheat/src/ram_16_8.vhd Line: 43
Info (10041): Inferred latch for "tmp_data[2]" at ram_16_8.vhd(43) File: D:/!!Data!!/Project/Electronics/QUARTUS/Praktikum PKT/2. SAP Cheat/src/ram_16_8.vhd Line: 43
Info (10041): Inferred latch for "tmp_data[3]" at ram_16_8.vhd(43) File: D:/!!Data!!/Project/Electronics/QUARTUS/Praktikum PKT/2. SAP Cheat/src/ram_16_8.vhd Line: 43
Info (10041): Inferred latch for "tmp_data[4]" at ram_16_8.vhd(43) File: D:/!!Data!!/Project/Electronics/QUARTUS/Praktikum PKT/2. SAP Cheat/src/ram_16_8.vhd Line: 43
Info (10041): Inferred latch for "tmp_data[5]" at ram_16_8.vhd(43) File: D:/!!Data!!/Project/Electronics/QUARTUS/Praktikum PKT/2. SAP Cheat/src/ram_16_8.vhd Line: 43
Info (10041): Inferred latch for "tmp_data[6]" at ram_16_8.vhd(43) File: D:/!!Data!!/Project/Electronics/QUARTUS/Praktikum PKT/2. SAP Cheat/src/ram_16_8.vhd Line: 43
Info (10041): Inferred latch for "tmp_data[7]" at ram_16_8.vhd(43) File: D:/!!Data!!/Project/Electronics/QUARTUS/Praktikum PKT/2. SAP Cheat/src/ram_16_8.vhd Line: 43
Info (12128): Elaborating entity "GenericRegister" for hierarchy "GenericRegister:A_REG" File: D:/!!Data!!/Project/Electronics/QUARTUS/Praktikum PKT/2. SAP Cheat/src/sap1_top.vhd Line: 208
Info (12128): Elaborating entity "ArithmeticLogicUnit" for hierarchy "ArithmeticLogicUnit:ALU" File: D:/!!Data!!/Project/Electronics/QUARTUS/Praktikum PKT/2. SAP Cheat/src/sap1_top.vhd Line: 220
Info (12128): Elaborating entity "InstructionDecoder" for hierarchy "InstructionDecoder:INST_DEC" File: D:/!!Data!!/Project/Electronics/QUARTUS/Praktikum PKT/2. SAP Cheat/src/sap1_top.vhd Line: 254
Info (12128): Elaborating entity "ControlMatrix" for hierarchy "ControlMatrix:CTRL_MATRIX" File: D:/!!Data!!/Project/Electronics/QUARTUS/Praktikum PKT/2. SAP Cheat/src/sap1_top.vhd Line: 265
Warning (10492): VHDL Process Statement warning at control_matrix.vhd(59): signal "in_lda" is read inside the Process Statement but isn't in the Process Statement's sensitivity list File: D:/!!Data!!/Project/Electronics/QUARTUS/Praktikum PKT/2. SAP Cheat/src/control_matrix.vhd Line: 59
Warning (10492): VHDL Process Statement warning at control_matrix.vhd(59): signal "in_add" is read inside the Process Statement but isn't in the Process Statement's sensitivity list File: D:/!!Data!!/Project/Electronics/QUARTUS/Praktikum PKT/2. SAP Cheat/src/control_matrix.vhd Line: 59
Warning (10492): VHDL Process Statement warning at control_matrix.vhd(59): signal "in_sub" is read inside the Process Statement but isn't in the Process Statement's sensitivity list File: D:/!!Data!!/Project/Electronics/QUARTUS/Praktikum PKT/2. SAP Cheat/src/control_matrix.vhd Line: 59
Warning (10492): VHDL Process Statement warning at control_matrix.vhd(62): signal "in_out" is read inside the Process Statement but isn't in the Process Statement's sensitivity list File: D:/!!Data!!/Project/Electronics/QUARTUS/Praktikum PKT/2. SAP Cheat/src/control_matrix.vhd Line: 62
Warning (10492): VHDL Process Statement warning at control_matrix.vhd(70): signal "in_lda" is read inside the Process Statement but isn't in the Process Statement's sensitivity list File: D:/!!Data!!/Project/Electronics/QUARTUS/Praktikum PKT/2. SAP Cheat/src/control_matrix.vhd Line: 70
Warning (10492): VHDL Process Statement warning at control_matrix.vhd(73): signal "in_add" is read inside the Process Statement but isn't in the Process Statement's sensitivity list File: D:/!!Data!!/Project/Electronics/QUARTUS/Praktikum PKT/2. SAP Cheat/src/control_matrix.vhd Line: 73
Warning (10492): VHDL Process Statement warning at control_matrix.vhd(73): signal "in_sub" is read inside the Process Statement but isn't in the Process Statement's sensitivity list File: D:/!!Data!!/Project/Electronics/QUARTUS/Praktikum PKT/2. SAP Cheat/src/control_matrix.vhd Line: 73
Warning (10492): VHDL Process Statement warning at control_matrix.vhd(81): signal "in_add" is read inside the Process Statement but isn't in the Process Statement's sensitivity list File: D:/!!Data!!/Project/Electronics/QUARTUS/Praktikum PKT/2. SAP Cheat/src/control_matrix.vhd Line: 81
Warning (10492): VHDL Process Statement warning at control_matrix.vhd(81): signal "in_sub" is read inside the Process Statement but isn't in the Process Statement's sensitivity list File: D:/!!Data!!/Project/Electronics/QUARTUS/Praktikum PKT/2. SAP Cheat/src/control_matrix.vhd Line: 81
Warning (10492): VHDL Process Statement warning at control_matrix.vhd(83): signal "in_sub" is read inside the Process Statement but isn't in the Process Statement's sensitivity list File: D:/!!Data!!/Project/Electronics/QUARTUS/Praktikum PKT/2. SAP Cheat/src/control_matrix.vhd Line: 83
Warning (13046): Tri-state node(s) do not directly drive top-level pin(s)
    Warning (13048): Converted tri-state node "w_bus[7]" into a selector File: D:/!!Data!!/Project/Electronics/QUARTUS/Praktikum PKT/2. SAP Cheat/src/generic_register.vhd Line: 25
    Warning (13048): Converted tri-state node "w_bus[6]" into a selector File: D:/!!Data!!/Project/Electronics/QUARTUS/Praktikum PKT/2. SAP Cheat/src/generic_register.vhd Line: 25
    Warning (13048): Converted tri-state node "w_bus[5]" into a selector File: D:/!!Data!!/Project/Electronics/QUARTUS/Praktikum PKT/2. SAP Cheat/src/generic_register.vhd Line: 25
    Warning (13048): Converted tri-state node "w_bus[4]" into a selector File: D:/!!Data!!/Project/Electronics/QUARTUS/Praktikum PKT/2. SAP Cheat/src/generic_register.vhd Line: 25
    Warning (13048): Converted tri-state node "w_bus[3]" into a selector File: D:/!!Data!!/Project/Electronics/QUARTUS/Praktikum PKT/2. SAP Cheat/src/generic_register.vhd Line: 25
    Warning (13048): Converted tri-state node "w_bus[2]" into a selector File: D:/!!Data!!/Project/Electronics/QUARTUS/Praktikum PKT/2. SAP Cheat/src/generic_register.vhd Line: 25
    Warning (13048): Converted tri-state node "w_bus[1]" into a selector File: D:/!!Data!!/Project/Electronics/QUARTUS/Praktikum PKT/2. SAP Cheat/src/generic_register.vhd Line: 25
    Warning (13048): Converted tri-state node "w_bus[0]" into a selector File: D:/!!Data!!/Project/Electronics/QUARTUS/Praktikum PKT/2. SAP Cheat/src/generic_register.vhd Line: 25
    Warning (13049): Converted tri-state buffer "GenericRegister:B_REG|out_data[0]" feeding internal logic into a wire File: D:/!!Data!!/Project/Electronics/QUARTUS/Praktikum PKT/2. SAP Cheat/src/generic_register.vhd Line: 16
    Warning (13049): Converted tri-state buffer "GenericRegister:B_REG|out_data[1]" feeding internal logic into a wire File: D:/!!Data!!/Project/Electronics/QUARTUS/Praktikum PKT/2. SAP Cheat/src/generic_register.vhd Line: 16
    Warning (13049): Converted tri-state buffer "GenericRegister:B_REG|out_data[2]" feeding internal logic into a wire File: D:/!!Data!!/Project/Electronics/QUARTUS/Praktikum PKT/2. SAP Cheat/src/generic_register.vhd Line: 16
    Warning (13049): Converted tri-state buffer "GenericRegister:B_REG|out_data[3]" feeding internal logic into a wire File: D:/!!Data!!/Project/Electronics/QUARTUS/Praktikum PKT/2. SAP Cheat/src/generic_register.vhd Line: 16
    Warning (13049): Converted tri-state buffer "GenericRegister:B_REG|out_data[4]" feeding internal logic into a wire File: D:/!!Data!!/Project/Electronics/QUARTUS/Praktikum PKT/2. SAP Cheat/src/generic_register.vhd Line: 16
    Warning (13049): Converted tri-state buffer "GenericRegister:B_REG|out_data[5]" feeding internal logic into a wire File: D:/!!Data!!/Project/Electronics/QUARTUS/Praktikum PKT/2. SAP Cheat/src/generic_register.vhd Line: 16
    Warning (13049): Converted tri-state buffer "GenericRegister:B_REG|out_data[6]" feeding internal logic into a wire File: D:/!!Data!!/Project/Electronics/QUARTUS/Praktikum PKT/2. SAP Cheat/src/generic_register.vhd Line: 16
    Warning (13049): Converted tri-state buffer "GenericRegister:B_REG|out_data[7]" feeding internal logic into a wire File: D:/!!Data!!/Project/Electronics/QUARTUS/Praktikum PKT/2. SAP Cheat/src/generic_register.vhd Line: 16
    Warning (13049): Converted tri-state buffer "GenericRegister:A_REG|out_data[0]" feeding internal logic into a wire File: D:/!!Data!!/Project/Electronics/QUARTUS/Praktikum PKT/2. SAP Cheat/src/generic_register.vhd Line: 16
    Warning (13049): Converted tri-state buffer "GenericRegister:A_REG|out_data[1]" feeding internal logic into a wire File: D:/!!Data!!/Project/Electronics/QUARTUS/Praktikum PKT/2. SAP Cheat/src/generic_register.vhd Line: 16
    Warning (13049): Converted tri-state buffer "GenericRegister:A_REG|out_data[2]" feeding internal logic into a wire File: D:/!!Data!!/Project/Electronics/QUARTUS/Praktikum PKT/2. SAP Cheat/src/generic_register.vhd Line: 16
    Warning (13049): Converted tri-state buffer "GenericRegister:A_REG|out_data[3]" feeding internal logic into a wire File: D:/!!Data!!/Project/Electronics/QUARTUS/Praktikum PKT/2. SAP Cheat/src/generic_register.vhd Line: 16
    Warning (13049): Converted tri-state buffer "GenericRegister:A_REG|out_data[4]" feeding internal logic into a wire File: D:/!!Data!!/Project/Electronics/QUARTUS/Praktikum PKT/2. SAP Cheat/src/generic_register.vhd Line: 16
    Warning (13049): Converted tri-state buffer "GenericRegister:A_REG|out_data[5]" feeding internal logic into a wire File: D:/!!Data!!/Project/Electronics/QUARTUS/Praktikum PKT/2. SAP Cheat/src/generic_register.vhd Line: 16
    Warning (13049): Converted tri-state buffer "GenericRegister:A_REG|out_data[6]" feeding internal logic into a wire File: D:/!!Data!!/Project/Electronics/QUARTUS/Praktikum PKT/2. SAP Cheat/src/generic_register.vhd Line: 16
    Warning (13049): Converted tri-state buffer "GenericRegister:A_REG|out_data[7]" feeding internal logic into a wire File: D:/!!Data!!/Project/Electronics/QUARTUS/Praktikum PKT/2. SAP Cheat/src/generic_register.vhd Line: 16
    Warning (13049): Converted tri-state buffer "GenericRegister:IH_reg|out_data[0]" feeding internal logic into a wire File: D:/!!Data!!/Project/Electronics/QUARTUS/Praktikum PKT/2. SAP Cheat/src/generic_register.vhd Line: 16
    Warning (13049): Converted tri-state buffer "GenericRegister:IH_reg|out_data[1]" feeding internal logic into a wire File: D:/!!Data!!/Project/Electronics/QUARTUS/Praktikum PKT/2. SAP Cheat/src/generic_register.vhd Line: 16
    Warning (13049): Converted tri-state buffer "GenericRegister:IH_reg|out_data[2]" feeding internal logic into a wire File: D:/!!Data!!/Project/Electronics/QUARTUS/Praktikum PKT/2. SAP Cheat/src/generic_register.vhd Line: 16
    Warning (13049): Converted tri-state buffer "GenericRegister:IH_reg|out_data[3]" feeding internal logic into a wire File: D:/!!Data!!/Project/Electronics/QUARTUS/Praktikum PKT/2. SAP Cheat/src/generic_register.vhd Line: 16
    Warning (13049): Converted tri-state buffer "GenericRegister:MAR|out_data[0]" feeding internal logic into a wire File: D:/!!Data!!/Project/Electronics/QUARTUS/Praktikum PKT/2. SAP Cheat/src/generic_register.vhd Line: 16
    Warning (13049): Converted tri-state buffer "GenericRegister:MAR|out_data[1]" feeding internal logic into a wire File: D:/!!Data!!/Project/Electronics/QUARTUS/Praktikum PKT/2. SAP Cheat/src/generic_register.vhd Line: 16
    Warning (13049): Converted tri-state buffer "GenericRegister:MAR|out_data[2]" feeding internal logic into a wire File: D:/!!Data!!/Project/Electronics/QUARTUS/Praktikum PKT/2. SAP Cheat/src/generic_register.vhd Line: 16
    Warning (13049): Converted tri-state buffer "GenericRegister:MAR|out_data[3]" feeding internal logic into a wire File: D:/!!Data!!/Project/Electronics/QUARTUS/Praktikum PKT/2. SAP Cheat/src/generic_register.vhd Line: 16
Warning (13044): Always-enabled tri-state buffer(s) removed
    Warning (13045): Converted the fanout from the always-enabled tri-state buffer "GenericRegister:O_REG|out_data[0]" to the node "out_data[0]" into a wire File: D:/!!Data!!/Project/Electronics/QUARTUS/Praktikum PKT/2. SAP Cheat/src/generic_register.vhd Line: 16
    Warning (13045): Converted the fanout from the always-enabled tri-state buffer "GenericRegister:O_REG|out_data[1]" to the node "out_data[1]" into a wire File: D:/!!Data!!/Project/Electronics/QUARTUS/Praktikum PKT/2. SAP Cheat/src/generic_register.vhd Line: 16
    Warning (13045): Converted the fanout from the always-enabled tri-state buffer "GenericRegister:O_REG|out_data[2]" to the node "out_data[2]" into a wire File: D:/!!Data!!/Project/Electronics/QUARTUS/Praktikum PKT/2. SAP Cheat/src/generic_register.vhd Line: 16
    Warning (13045): Converted the fanout from the always-enabled tri-state buffer "GenericRegister:O_REG|out_data[3]" to the node "out_data[3]" into a wire File: D:/!!Data!!/Project/Electronics/QUARTUS/Praktikum PKT/2. SAP Cheat/src/generic_register.vhd Line: 16
    Warning (13045): Converted the fanout from the always-enabled tri-state buffer "GenericRegister:O_REG|out_data[4]" to the node "out_data[4]" into a wire File: D:/!!Data!!/Project/Electronics/QUARTUS/Praktikum PKT/2. SAP Cheat/src/generic_register.vhd Line: 16
    Warning (13045): Converted the fanout from the always-enabled tri-state buffer "GenericRegister:O_REG|out_data[5]" to the node "out_data[5]" into a wire File: D:/!!Data!!/Project/Electronics/QUARTUS/Praktikum PKT/2. SAP Cheat/src/generic_register.vhd Line: 16
    Warning (13045): Converted the fanout from the always-enabled tri-state buffer "GenericRegister:O_REG|out_data[6]" to the node "out_data[6]" into a wire File: D:/!!Data!!/Project/Electronics/QUARTUS/Praktikum PKT/2. SAP Cheat/src/generic_register.vhd Line: 16
    Warning (13045): Converted the fanout from the always-enabled tri-state buffer "GenericRegister:O_REG|out_data[7]" to the node "out_data[7]" into a wire File: D:/!!Data!!/Project/Electronics/QUARTUS/Praktikum PKT/2. SAP Cheat/src/generic_register.vhd Line: 16
Info (13025): Duplicate LATCH primitives merged into single LATCH primitive
    Info (13026): Duplicate LATCH primitive "RAM:Memory|tmp_data[6]" merged with LATCH primitive "RAM:Memory|tmp_data[7]" File: D:/!!Data!!/Project/Electronics/QUARTUS/Praktikum PKT/2. SAP Cheat/src/ram_16_8.vhd Line: 43
Info (286030): Timing-Driven Synthesis is running
Info (16010): Generating hard_block partition "hard_block:auto_generated_inst"
    Info (16011): Adding 0 node(s), including 0 DDIO, 0 PLL, 0 transceiver and 0 LCELL
Warning (21074): Design contains 10 input pin(s) that do not drive logic
    Warning (15610): No output dependent on input pin "in_data[0]" File: D:/!!Data!!/Project/Electronics/QUARTUS/Praktikum PKT/2. SAP Cheat/src/sap1_top.vhd Line: 9
    Warning (15610): No output dependent on input pin "in_data[1]" File: D:/!!Data!!/Project/Electronics/QUARTUS/Praktikum PKT/2. SAP Cheat/src/sap1_top.vhd Line: 9
    Warning (15610): No output dependent on input pin "in_data[2]" File: D:/!!Data!!/Project/Electronics/QUARTUS/Praktikum PKT/2. SAP Cheat/src/sap1_top.vhd Line: 9
    Warning (15610): No output dependent on input pin "in_data[3]" File: D:/!!Data!!/Project/Electronics/QUARTUS/Praktikum PKT/2. SAP Cheat/src/sap1_top.vhd Line: 9
    Warning (15610): No output dependent on input pin "in_data[4]" File: D:/!!Data!!/Project/Electronics/QUARTUS/Praktikum PKT/2. SAP Cheat/src/sap1_top.vhd Line: 9
    Warning (15610): No output dependent on input pin "in_data[5]" File: D:/!!Data!!/Project/Electronics/QUARTUS/Praktikum PKT/2. SAP Cheat/src/sap1_top.vhd Line: 9
    Warning (15610): No output dependent on input pin "in_data[6]" File: D:/!!Data!!/Project/Electronics/QUARTUS/Praktikum PKT/2. SAP Cheat/src/sap1_top.vhd Line: 9
    Warning (15610): No output dependent on input pin "in_data[7]" File: D:/!!Data!!/Project/Electronics/QUARTUS/Praktikum PKT/2. SAP Cheat/src/sap1_top.vhd Line: 9
    Warning (15610): No output dependent on input pin "in_auto" File: D:/!!Data!!/Project/Electronics/QUARTUS/Praktikum PKT/2. SAP Cheat/src/sap1_top.vhd Line: 12
    Warning (15610): No output dependent on input pin "in_step" File: D:/!!Data!!/Project/Electronics/QUARTUS/Praktikum PKT/2. SAP Cheat/src/sap1_top.vhd Line: 14
Info (21057): Implemented 123 device resources after synthesis - the final resource count might be different
    Info (21058): Implemented 18 input pins
    Info (21059): Implemented 13 output pins
    Info (21061): Implemented 92 logic cells
Info: Quartus Prime Analysis & Synthesis was successful. 0 errors, 65 warnings
    Info: Peak virtual memory: 4866 megabytes
    Info: Processing ended: Sat May 30 17:38:12 2020
    Info: Elapsed time: 00:00:48
    Info: Total CPU time (on all processors): 00:00:45


