Flow report for AntoniusKusuma
Sat May 30 17:41:21 2020
Quartus Prime Version 19.1.0 Build 670 09/22/2019 SJ Lite Edition


---------------------
; Table of Contents ;
---------------------
  1. Legal Notice
  2. Flow Summary
  3. Flow Settings
  4. Flow Non-Default Global Settings
  5. Flow Elapsed Time
  6. Flow OS Summary
  7. Flow Log
  8. Flow Messages
  9. Flow Suppressed Messages



----------------
; Legal Notice ;
----------------
Copyright (C) 2019  Intel Corporation. All rights reserved.
Your use of Intel Corporation's design tools, logic functions 
and other software and tools, and any partner logic 
functions, and any output files from any of the foregoing 
(including device programming or simulation files), and any 
associated documentation or information are expressly subject 
to the terms and conditions of the Intel Program License 
Subscription Agreement, the Intel Quartus Prime License Agreement,
the Intel FPGA IP License Agreement, or other applicable license
agreement, including, without limitation, that your use is for
the sole purpose of programming logic devices manufactured by
Intel and sold by Intel or its authorized distributors.  Please
refer to the applicable agreement for further details, at
https://fpgasoftware.intel.com/eula.



+-------------------------------------------------------------------------------+
; Flow Summary                                                                  ;
+---------------------------------+---------------------------------------------+
; Flow Status                     ; Successful - Sat May 30 17:40:59 2020       ;
; Quartus Prime Version           ; 19.1.0 Build 670 09/22/2019 SJ Lite Edition ;
; Revision Name                   ; AntoniusKusuma                              ;
; Top-level Entity Name           ; sap1_top                                    ;
; Family                          ; Cyclone V                                   ;
; Device                          ; 5CSEBA6U23I7                                ;
; Timing Models                   ; Final                                       ;
; Logic utilization (in ALMs)     ; 30 / 41,910 ( < 1 % )                       ;
; Total registers                 ; 49                                          ;
; Total pins                      ; 31 / 314 ( 10 % )                           ;
; Total virtual pins              ; 0                                           ;
; Total block memory bits         ; 0 / 5,662,720 ( 0 % )                       ;
; Total DSP Blocks                ; 0 / 112 ( 0 % )                             ;
; Total HSSI RX PCSs              ; 0                                           ;
; Total HSSI PMA RX Deserializers ; 0                                           ;
; Total HSSI TX PCSs              ; 0                                           ;
; Total HSSI PMA TX Serializers   ; 0                                           ;
; Total PLLs                      ; 0 / 6 ( 0 % )                               ;
; Total DLLs                      ; 0 / 4 ( 0 % )                               ;
+---------------------------------+---------------------------------------------+


+-----------------------------------------+
; Flow Settings                           ;
+-------------------+---------------------+
; Option            ; Setting             ;
+-------------------+---------------------+
; Start date & time ; 05/30/2020 17:37:26 ;
; Main task         ; Compilation         ;
; Revision Name     ; AntoniusKusuma      ;
+-------------------+---------------------+


+--------------------------------------------------------------------------------------------------------------------------+
; Flow Non-Default Global Settings                                                                                         ;
+-------------------------------------+----------------------------------------+----------------+-------------+------------+
; Assignment Name                     ; Value                                  ; Default Value  ; Entity Name ; Section Id ;
+-------------------------------------+----------------------------------------+----------------+-------------+------------+
; COMPILER_SIGNATURE_ID               ; 450626061433.159083504509968           ; --             ; --          ; --         ;
; MAX_CORE_JUNCTION_TEMP              ; 100                                    ; --             ; --          ; --         ;
; MIN_CORE_JUNCTION_TEMP              ; -40                                    ; --             ; --          ; --         ;
; PARTITION_COLOR                     ; -- (Not supported for targeted family) ; --             ; sap1_top    ; Top        ;
; PARTITION_FITTER_PRESERVATION_LEVEL ; -- (Not supported for targeted family) ; --             ; sap1_top    ; Top        ;
; PARTITION_NETLIST_TYPE              ; -- (Not supported for targeted family) ; --             ; sap1_top    ; Top        ;
; POWER_BOARD_THERMAL_MODEL           ; None (CONSERVATIVE)                    ; --             ; --          ; --         ;
; POWER_PRESET_COOLING_SOLUTION       ; 23 MM HEAT SINK WITH 200 LFPM AIRFLOW  ; --             ; --          ; --         ;
; PROJECT_OUTPUT_DIRECTORY            ; output_files                           ; --             ; --          ; --         ;
; TOP_LEVEL_ENTITY                    ; sap1_top                               ; AntoniusKusuma ; --          ; --         ;
+-------------------------------------+----------------------------------------+----------------+-------------+------------+


+--------------------------------------------------------------------------------------------------------------------------+
; Flow Elapsed Time                                                                                                        ;
+----------------------+--------------+-------------------------+---------------------+------------------------------------+
; Module Name          ; Elapsed Time ; Average Processors Used ; Peak Virtual Memory ; Total CPU Time (on all processors) ;
+----------------------+--------------+-------------------------+---------------------+------------------------------------+
; Analysis & Synthesis ; 00:00:46     ; 1.0                     ; 4866 MB             ; 00:00:45                           ;
; Fitter               ; 00:01:56     ; 1.0                     ; 6233 MB             ; 00:02:05                           ;
; Assembler            ; 00:00:28     ; 1.0                     ; 4846 MB             ; 00:00:12                           ;
; Timing Analyzer      ; 00:00:20     ; 1.0                     ; 5160 MB             ; 00:00:12                           ;
; Total                ; 00:03:30     ; --                      ; --                  ; 00:03:14                           ;
+----------------------+--------------+-------------------------+---------------------+------------------------------------+


+------------------------------------------------------------------------------------+
; Flow OS Summary                                                                    ;
+----------------------+------------------+------------+------------+----------------+
; Module Name          ; Machine Hostname ; OS Name    ; OS Version ; Processor type ;
+----------------------+------------------+------------+------------+----------------+
; Analysis & Synthesis ; LAPTOP-HFUE0OCN  ; Windows 10 ; 10.0       ; x86_64         ;
; Fitter               ; LAPTOP-HFUE0OCN  ; Windows 10 ; 10.0       ; x86_64         ;
; Assembler            ; LAPTOP-HFUE0OCN  ; Windows 10 ; 10.0       ; x86_64         ;
; Timing Analyzer      ; LAPTOP-HFUE0OCN  ; Windows 10 ; 10.0       ; x86_64         ;
+----------------------+------------------+------------+------------+----------------+


------------
; Flow Log ;
------------
quartus_map --read_settings_files=on --write_settings_files=off AntoniusKusuma -c AntoniusKusuma
quartus_fit --read_settings_files=off --write_settings_files=off AntoniusKusuma -c AntoniusKusuma
quartus_asm --read_settings_files=off --write_settings_files=off AntoniusKusuma -c AntoniusKusuma
quartus_sta AntoniusKusuma -c AntoniusKusuma



