Assembler report for AntoniusKusuma
Sat May 30 17:40:59 2020
Quartus Prime Version 19.1.0 Build 670 09/22/2019 SJ Lite Edition


---------------------
; Table of Contents ;
---------------------
  1. Legal Notice
  2. Assembler Summary
  3. Assembler Settings
  4. Assembler Generated Files
  5. Assembler Device Options: D:/!!Data!!/Project/Electronics/QUARTUS/Praktikum PKT/2. SAP Cheat/output_files/AntoniusKusuma.sof
  6. Assembler Messages



----------------
; Legal Notice ;
----------------
Copyright (C) 2019  Intel Corporation. All rights reserved.
Your use of Intel Corporation's design tools, logic functions 
and other software and tools, and any partner logic 
functions, and any output files from any of the foregoing 
(including device programming or simulation files), and any 
associated documentation or information are expressly subject 
to the terms and conditions of the Intel Program License 
Subscription Agreement, the Intel Quartus Prime License Agreement,
the Intel FPGA IP License Agreement, or other applicable license
agreement, including, without limitation, that your use is for
the sole purpose of programming logic devices manufactured by
Intel and sold by Intel or its authorized distributors.  Please
refer to the applicable agreement for further details, at
https://fpgasoftware.intel.com/eula.



+---------------------------------------------------------------+
; Assembler Summary                                             ;
+-----------------------+---------------------------------------+
; Assembler Status      ; Successful - Sat May 30 17:40:59 2020 ;
; Revision Name         ; AntoniusKusuma                        ;
; Top-level Entity Name ; sap1_top                              ;
; Family                ; Cyclone V                             ;
; Device                ; 5CSEBA6U23I7                          ;
+-----------------------+---------------------------------------+


+----------------------------------+
; Assembler Settings               ;
+--------+---------+---------------+
; Option ; Setting ; Default Value ;
+--------+---------+---------------+


+----------------------------------------------------------------------------------------------------+
; Assembler Generated Files                                                                          ;
+----------------------------------------------------------------------------------------------------+
; File Name                                                                                          ;
+----------------------------------------------------------------------------------------------------+
; D:/!!Data!!/Project/Electronics/QUARTUS/Praktikum PKT/2. SAP Cheat/output_files/AntoniusKusuma.sof ;
+----------------------------------------------------------------------------------------------------+


+------------------------------------------------------------------------------------------------------------------------------+
; Assembler Device Options: D:/!!Data!!/Project/Electronics/QUARTUS/Praktikum PKT/2. SAP Cheat/output_files/AntoniusKusuma.sof ;
+----------------+-------------------------------------------------------------------------------------------------------------+
; Option         ; Setting                                                                                                     ;
+----------------+-------------------------------------------------------------------------------------------------------------+
; JTAG usercode  ; 0x00B14E33                                                                                                  ;
; Checksum       ; 0x00B14E33                                                                                                  ;
+----------------+-------------------------------------------------------------------------------------------------------------+


+--------------------+
; Assembler Messages ;
+--------------------+
Info: *******************************************************************
Info: Running Quartus Prime Assembler
    Info: Version 19.1.0 Build 670 09/22/2019 SJ Lite Edition
    Info: Processing started: Sat May 30 17:40:31 2020
Info: Command: quartus_asm --read_settings_files=off --write_settings_files=off AntoniusKusuma -c AntoniusKusuma
Warning (18236): Number of processors has not been specified which may cause overloading on shared machines.  Set the global assignment NUM_PARALLEL_PROCESSORS in your QSF to an appropriate value for best performance.
Info (115030): Assembler is generating device programming files
Info: Quartus Prime Assembler was successful. 0 errors, 1 warning
    Info: Peak virtual memory: 4847 megabytes
    Info: Processing ended: Sat May 30 17:40:59 2020
    Info: Elapsed time: 00:00:28
    Info: Total CPU time (on all processors): 00:00:12


